<?xml version="1.0" encoding="UTF-8"?>
<!-- Generated by org.testng.reporters.JUnitReportReporter -->
<testsuite hostname="CHRIS" failures="0" tests="1" name="runner.TestRunner" time="3.214" errors="0" timestamp="2025-08-13T09:55:16 IST" skipped="0">
  <testcase classname="runner.TestRunner" name="runScenario" time="3.214"/>
</testsuite> <!-- runner.TestRunner -->
